<?xml version="1.0" encoding="UTF-8"?>
<TestRun id="c1138eee-6936-49f8-aecb-738433bdad4f" name="PCM@PCM-PC 2011-05-30 21:47:26" runUser="PCM-PC\PCM" xmlns="http://microsoft.com/schemas/VisualStudio/TeamTest/2010">
  <TestSettings name="Local" id="2ee30008-8016-4a5f-bc3d-9decacd65fb8">
    <Description>These are default test settings for a local test run.</Description>
    <Deployment enabled="false" runDeploymentRoot="PCM_PCM-PC 2011-05-30 21_47_26">
      <DeploymentItem filename="E:\3. I.S.E.L\ISEL 2011\Projecto\ProjectosVS\ForgetTraffic\ForgetTraffic.DataModel\bin\Debug\ForgetTraffic.DataModel.dll" />
      <DeploymentItem filename="E:\3. I.S.E.L\ISEL 2011\Projecto\ProjectosVS\ForgetTraffic\ForgetTraffic.DAL\bin\Debug\ForgetTraffic.DAL.dll" />
      <DeploymentItem filename="E:\3. I.S.E.L\ISEL 2011\Projecto\ProjectosVS\ForgetTraffic\ForgetTraffic.Autentication\bin\Debug\ForgetTraffic.Autentication.dll" />
      <DeploymentItem filename="E:\3. I.S.E.L\ISEL 2011\Projecto\ProjectosVS\ForgetTraffic\ForgetTraffic.ServicesUtils\bin\Debug\ForgetTraffic.ServicesUtils.dll" />
    </Deployment>
    <Execution>
      <TestTypeSpecific />
      <AgentRule name="Execution Agents">
      </AgentRule>
    </Execution>
  </TestSettings>
  <Times creation="2011-05-30T21:47:26.3005615+01:00" queuing="2011-05-30T21:47:26.3925667+01:00" start="2011-05-30T21:47:26.4435696+01:00" finish="2011-05-30T21:47:28.7947041+01:00" />
  <ResultSummary outcome="Completed">
    <Counters total="1" executed="1" passed="1" error="0" failed="0" timeout="0" aborted="0" inconclusive="0" passedButRunAborted="0" notRunnable="0" notExecuted="0" disconnected="0" warning="0" completed="0" inProgress="0" pending="0" />
  </ResultSummary>
  <TestDefinitions>
    <UnitTest name="DeactiveUser" storage="e:\3. i.s.e.l\isel 2011\projecto\projectosvs\forgettraffic\forgettraffictests.autentication\bin\debug\forgettraffictests.autentication.dll" priority="3" id="4803f2e3-405f-d3e4-7e10-cfaa464b56af">
      <Execution id="45f614a4-3237-4889-961f-9960a4a896a6" />
      <TestMethod codeBase="E:/3. I.S.E.L/ISEL 2011/Projecto/ProjectosVS/ForgetTraffic/ForgetTrafficTests.Autentication/bin/Debug/ForgetTrafficTests.Autentication.DLL" adapterTypeName="Microsoft.VisualStudio.TestTools.TestTypes.Unit.UnitTestAdapter, Microsoft.VisualStudio.QualityTools.Tips.UnitTest.Adapter, Version=10.0.0.0, Culture=neutral, PublicKeyToken=b03f5f7f11d50a3a" className="ForgetTrafficTests.Autentication.AccountManagerTest, ForgetTrafficTests.Autentication, Version=1.0.0.0, Culture=neutral, PublicKeyToken=null" name="DeactiveUser" />
    </UnitTest>
  </TestDefinitions>
  <TestLists>
    <TestList name="All Loaded Results" id="19431567-8539-422a-85d7-44ee4e166bda" />
    <TestList name="Lista de TEste" id="b3bfb357-bfcb-4e08-b247-8b99cc580d1a" parentListId="8c43106b-9dc1-4907-a29f-aa66a61bf5b6" />
    <TestList name="Lists of Results" id="8c43106b-9dc1-4907-a29f-aa66a61bf5b6" />
    <TestList name="3.Desactivar" id="00011763-bf0d-4278-9426-b003925358b3" parentListId="b3bfb357-bfcb-4e08-b247-8b99cc580d1a">
      <TestLinks>
        <TestLink id="4803f2e3-405f-d3e4-7e10-cfaa464b56af" name="DeactiveUser" storage="e:\3. i.s.e.l\isel 2011\projecto\projectosvs\forgettraffic\forgettraffictests.autentication\bin\debug\forgettraffictests.autentication.dll" type="Microsoft.VisualStudio.TestTools.TestTypes.Unit.UnitTestElement, Microsoft.VisualStudio.QualityTools.Tips.UnitTest.ObjectModel, Version=10.0.0.0, Culture=neutral, PublicKeyToken=b03f5f7f11d50a3a" />
      </TestLinks>
    </TestList>
  </TestLists>
  <TestEntries>
    <TestEntry testId="4803f2e3-405f-d3e4-7e10-cfaa464b56af" executionId="45f614a4-3237-4889-961f-9960a4a896a6" testListId="00011763-bf0d-4278-9426-b003925358b3" />
  </TestEntries>
  <Results>
    <UnitTestResult executionId="45f614a4-3237-4889-961f-9960a4a896a6" testId="4803f2e3-405f-d3e4-7e10-cfaa464b56af" testName="DeactiveUser" computerName="PCM-PC" duration="00:00:00.4372284" startTime="2011-05-30T21:47:26.4635708+01:00" endTime="2011-05-30T21:47:27.2486157+01:00" testType="13cdc9d9-ddb5-4fa4-a97d-d965ccfc6d4b" outcome="Passed" testListId="00011763-bf0d-4278-9426-b003925358b3" relativeResultsDirectory="45f614a4-3237-4889-961f-9960a4a896a6">
    </UnitTestResult>
  </Results>
</TestRun>