<?xml version="1.0" encoding="UTF-8"?>
<TestRun id="6af245c5-2e8b-4465-b699-a8fb0b0c5125" name="PCM@PCM-PC 2011-05-30 21:48:56" runUser="PCM-PC\PCM" xmlns="http://microsoft.com/schemas/VisualStudio/TeamTest/2010">
  <TestSettings name="Local" id="2ee30008-8016-4a5f-bc3d-9decacd65fb8">
    <Description>These are default test settings for a local test run.</Description>
    <Deployment enabled="false" runDeploymentRoot="PCM_PCM-PC 2011-05-30 21_48_56">
      <DeploymentItem filename="E:\3. I.S.E.L\ISEL 2011\Projecto\ProjectosVS\ForgetTraffic\ForgetTraffic.DataModel\bin\Debug\ForgetTraffic.DataModel.dll" />
      <DeploymentItem filename="E:\3. I.S.E.L\ISEL 2011\Projecto\ProjectosVS\ForgetTraffic\ForgetTraffic.DAL\bin\Debug\ForgetTraffic.DAL.dll" />
      <DeploymentItem filename="E:\3. I.S.E.L\ISEL 2011\Projecto\ProjectosVS\ForgetTraffic\ForgetTraffic.Autentication\bin\Debug\ForgetTraffic.Autentication.dll" />
      <DeploymentItem filename="E:\3. I.S.E.L\ISEL 2011\Projecto\ProjectosVS\ForgetTraffic\ForgetTraffic.ServicesUtils\bin\Debug\ForgetTraffic.ServicesUtils.dll" />
    </Deployment>
    <Execution>
      <TestTypeSpecific />
      <AgentRule name="Execution Agents">
      </AgentRule>
    </Execution>
  </TestSettings>
  <Times creation="2011-05-30T21:48:56.1727018+01:00" queuing="2011-05-30T21:48:58.2688217+01:00" start="2011-05-30T21:48:58.5438375+01:00" finish="2011-05-30T21:49:29.4066027+01:00" />
  <ResultSummary outcome="Error">
    <Counters total="1" executed="1" error="0" failed="0" timeout="0" aborted="1" inconclusive="0" passedButRunAborted="0" notRunnable="0" notExecuted="0" disconnected="0" warning="0" passed="0" completed="0" inProgress="0" pending="0" />
    <RunInfos>
      <RunInfo computerName="PCM-PC" outcome="Error" timestamp="2011-05-30T21:49:29.4056027+01:00">
        <Text>Test host process exited unexpectedly.</Text>
      </RunInfo>
    </RunInfos>
  </ResultSummary>
  <TestDefinitions>
    <UnitTest name="DeleteUser" storage="e:\3. i.s.e.l\isel 2011\projecto\projectosvs\forgettraffic\forgettraffictests.autentication\bin\debug\forgettraffictests.autentication.dll" priority="4" id="50a0a843-a16c-432c-cbf5-9d2524a552fa">
      <Execution id="6cf780de-5349-4d75-a8f9-226b68358216" />
      <TestMethod codeBase="E:/3. I.S.E.L/ISEL 2011/Projecto/ProjectosVS/ForgetTraffic/ForgetTrafficTests.Autentication/bin/Debug/ForgetTrafficTests.Autentication.DLL" adapterTypeName="Microsoft.VisualStudio.TestTools.TestTypes.Unit.UnitTestAdapter, Microsoft.VisualStudio.QualityTools.Tips.UnitTest.Adapter, Version=10.0.0.0, Culture=neutral, PublicKeyToken=b03f5f7f11d50a3a" className="ForgetTrafficTests.Autentication.AccountManagerTest, ForgetTrafficTests.Autentication, Version=1.0.0.0, Culture=neutral, PublicKeyToken=null" name="DeleteUser" />
    </UnitTest>
  </TestDefinitions>
  <TestLists>
    <TestList name="All Loaded Results" id="19431567-8539-422a-85d7-44ee4e166bda" />
    <TestList name="Lista de TEste" id="b3bfb357-bfcb-4e08-b247-8b99cc580d1a" parentListId="8c43106b-9dc1-4907-a29f-aa66a61bf5b6" />
    <TestList name="Lists of Results" id="8c43106b-9dc1-4907-a29f-aa66a61bf5b6" />
    <TestList name="4.Apagar" id="08c5a6e7-06e5-41ec-a051-5e30e00781b1" parentListId="b3bfb357-bfcb-4e08-b247-8b99cc580d1a">
      <TestLinks>
        <TestLink id="50a0a843-a16c-432c-cbf5-9d2524a552fa" name="DeleteUser" storage="e:\3. i.s.e.l\isel 2011\projecto\projectosvs\forgettraffic\forgettraffictests.autentication\bin\debug\forgettraffictests.autentication.dll" type="Microsoft.VisualStudio.TestTools.TestTypes.Unit.UnitTestElement, Microsoft.VisualStudio.QualityTools.Tips.UnitTest.ObjectModel, Version=10.0.0.0, Culture=neutral, PublicKeyToken=b03f5f7f11d50a3a" />
      </TestLinks>
    </TestList>
  </TestLists>
  <TestEntries>
    <TestEntry testId="50a0a843-a16c-432c-cbf5-9d2524a552fa" executionId="6cf780de-5349-4d75-a8f9-226b68358216" testListId="08c5a6e7-06e5-41ec-a051-5e30e00781b1" />
  </TestEntries>
  <Results>
    <UnitTestResult executionId="6cf780de-5349-4d75-a8f9-226b68358216" testId="50a0a843-a16c-432c-cbf5-9d2524a552fa" testName="DeleteUser" computerName="PCM-PC" duration="00:00:30.5567477" startTime="2011-05-30T21:48:58.8498550+01:00" endTime="2011-05-30T21:49:29.4066027+01:00" testType="13cdc9d9-ddb5-4fa4-a97d-d965ccfc6d4b" outcome="Aborted" testListId="08c5a6e7-06e5-41ec-a051-5e30e00781b1" relativeResultsDirectory="6cf780de-5349-4d75-a8f9-226b68358216">
    </UnitTestResult>
  </Results>
</TestRun>