<?xml version="1.0" encoding="UTF-8"?>
<TestRun id="e8811e1e-8d6a-4da6-b13e-c76a00617832" name="PCM@PCM-PC 2011-06-02 23:24:45" runUser="PCM-PC\PCM" xmlns="http://microsoft.com/schemas/VisualStudio/TeamTest/2010">
  <TestSettings name="Local" id="2ee30008-8016-4a5f-bc3d-9decacd65fb8">
    <Description>These are default test settings for a local test run.</Description>
    <Deployment enabled="false" runDeploymentRoot="PCM_PCM-PC 2011-06-02 23_24_45">
      <DeploymentItem filename="E:\3. I.S.E.L\ISEL 2011\Projecto\ProjectosVS\ForgetTraffic\ForgetTraffic.ServicesUtils\bin\Debug\ForgetTraffic.ServicesUtils.dll" />
      <DeploymentItem filename="E:\3. I.S.E.L\ISEL 2011\Projecto\ProjectosVS\ForgetTraffic\ForgetTraffic.DataModel\bin\Debug\ForgetTraffic.DataModel.dll" />
      <DeploymentItem filename="E:\3. I.S.E.L\ISEL 2011\Projecto\ProjectosVS\ForgetTraffic\ForgetTraffic.DataTypes\bin\Debug\ForgetTraffic.DataTypes.dll" />
      <DeploymentItem filename="E:\3. I.S.E.L\ISEL 2011\Projecto\ProjectosVS\ForgetTraffic\ForgetTraffic.Autentication\bin\Debug\ForgetTraffic.Autentication.dll" />
      <DeploymentItem filename="E:\3. I.S.E.L\ISEL 2011\Projecto\ProjectosVS\ForgetTraffic\ForgetTraffic.DAL\bin\Debug\ForgetTraffic.DAL.dll" />
    </Deployment>
    <Execution>
      <TestTypeSpecific />
      <AgentRule name="Execution Agents">
      </AgentRule>
    </Execution>
  </TestSettings>
  <Times creation="2011-06-02T23:24:45.2707631+01:00" queuing="2011-06-02T23:24:47.0708660+01:00" start="2011-06-02T23:24:47.3348811+01:00" finish="2011-06-02T23:25:24.0249797+01:00" />
  <ResultSummary outcome="Error">
    <Counters total="1" executed="1" error="0" failed="0" timeout="0" aborted="1" inconclusive="0" passedButRunAborted="0" notRunnable="0" notExecuted="0" disconnected="0" warning="0" passed="0" completed="0" inProgress="0" pending="0" />
    <RunInfos>
      <RunInfo computerName="PCM-PC" outcome="Error" timestamp="2011-06-02T23:25:24.0209795+01:00">
        <Text>Test host process exited unexpectedly.</Text>
      </RunInfo>
    </RunInfos>
  </ResultSummary>
  <TestDefinitions>
    <UnitTest name="CreateTokenForUserRequestTest" storage="e:\3. i.s.e.l\isel 2011\projecto\projectosvs\forgettraffic\forgettraffictests.autentication\bin\debug\forgettraffictests.autentication.dll" id="211bd47b-16c3-d2ff-bc47-2a57c6445bd0">
      <Execution id="93724a9c-e9fd-4796-99ee-48e3bd3d208a" />
      <TestMethod codeBase="E:/3. I.S.E.L/ISEL 2011/Projecto/ProjectosVS/ForgetTraffic/ForgetTrafficTests.Autentication/bin/Debug/ForgetTrafficTests.Autentication.DLL" adapterTypeName="Microsoft.VisualStudio.TestTools.TestTypes.Unit.UnitTestAdapter, Microsoft.VisualStudio.QualityTools.Tips.UnitTest.Adapter, Version=10.0.0.0, Culture=neutral, PublicKeyToken=b03f5f7f11d50a3a" className="ForgetTrafficTests.Autentication.SessionCredentialProviderManagerTest, ForgetTrafficTests.Autentication, Version=1.0.0.0, Culture=neutral, PublicKeyToken=null" name="CreateTokenForUserRequestTest" />
    </UnitTest>
  </TestDefinitions>
  <TestLists>
    <TestList name="Results Not in a List" id="8c84fa94-04c1-424b-9868-57a2d4851a1d" />
    <TestList name="All Loaded Results" id="19431567-8539-422a-85d7-44ee4e166bda" />
  </TestLists>
  <TestEntries>
    <TestEntry testId="211bd47b-16c3-d2ff-bc47-2a57c6445bd0" executionId="93724a9c-e9fd-4796-99ee-48e3bd3d208a" testListId="8c84fa94-04c1-424b-9868-57a2d4851a1d" />
  </TestEntries>
  <Results>
    <UnitTestResult executionId="93724a9c-e9fd-4796-99ee-48e3bd3d208a" testId="211bd47b-16c3-d2ff-bc47-2a57c6445bd0" testName="CreateTokenForUserRequestTest" computerName="PCM-PC" duration="00:00:36.4780864" startTime="2011-06-02T23:24:47.5468933+01:00" endTime="2011-06-02T23:25:24.0249797+01:00" testType="13cdc9d9-ddb5-4fa4-a97d-d965ccfc6d4b" outcome="Aborted" testListId="8c84fa94-04c1-424b-9868-57a2d4851a1d" relativeResultsDirectory="93724a9c-e9fd-4796-99ee-48e3bd3d208a">
    </UnitTestResult>
  </Results>
</TestRun>